Using pre-set license

 COMMAND LINE ARGUMENTS:
/Applications/Unity/Hub/Editor/2020.3.2f1/Unity.app/Contents/MacOS/Unity
-adb2
-batchMode
-noUpm
-name
AssetImportWorker5
-projectPath
/Users/anshitagoel/Documents/GitHub/Mall
-logFile
Logs/AssetImportWorker5.log
-srvPort
57254
Successfully changed project path to: /Users/anshitagoel/Documents/GitHub/Mall
/Users/anshitagoel/Documents/GitHub/Mall
Using Asset Import Pipeline V2.
Refreshing native plugins compatible for Editor in 913.72 ms, found 1 plugins.
Preloading 0 native plugins for Editor in 0.00 ms.
Initialize engine version: 2020.3.2f1 (8fd9074bf66c)
[Subsystems] Discovering subsystems at path /Applications/Unity/Hub/Editor/2020.3.2f1/Unity.app/Contents/Resources/UnitySubsystems
[Subsystems] Discovering subsystems at path /Users/anshitagoel/Documents/GitHub/Mall/Assets
GfxDevice: creating device client; threaded=0
2021-04-10 23:36:40.536 Unity[44435:2295534] Color LCD preferred device: Intel(R) Iris(TM) Graphics 6000 (low power)
2021-04-10 23:36:40.536 Unity[44435:2295534] Metal devices available: 1
2021-04-10 23:36:40.536 Unity[44435:2295534] 0: Intel(R) Iris(TM) Graphics 6000 (low power)
2021-04-10 23:36:40.537 Unity[44435:2295534] Using device Intel(R) Iris(TM) Graphics 6000 (low power)
Initializing Metal device caps: Intel(R) Iris(TM) Graphics 6000
Initialize mono
Mono path[0] = '/Applications/Unity/Hub/Editor/2020.3.2f1/Unity.app/Contents/Managed'
Mono path[1] = '/Applications/Unity/Hub/Editor/2020.3.2f1/Unity.app/Contents/MonoBleedingEdge/lib/mono/unityjit'
Mono config path = '/Applications/Unity/Hub/Editor/2020.3.2f1/Unity.app/Contents/MonoBleedingEdge/etc'
Using monoOptions --debugger-agent=transport=dt_socket,embedding=1,server=y,suspend=n,address=127.0.0.1:56435
Begin MonoManager ReloadAssembly
