Using pre-set license

 COMMAND LINE ARGUMENTS:
/Applications/Unity/Hub/Editor/2020.3.2f1/Unity.app/Contents/MacOS/Unity
-adb2
-batchMode
-noUpm
-name
AssetImportWorker0
-projectPath
/Users/adityachawla/Desktop/VirtualMall-TwelveElevenFINALFILE
-logFile
Logs/AssetImportWorker0.log
-srvPort
52062
Successfully changed project path to: /Users/adityachawla/Desktop/VirtualMall-TwelveElevenFINALFILE
/Users/adityachawla/Desktop/VirtualMall-TwelveElevenFINALFILE
Using Asset Import Pipeline V2.
Refreshing native plugins compatible for Editor in 81.41 ms, found 1 plugins.
Preloading 0 native plugins for Editor in 0.00 ms.
Initialize engine version: 2020.3.2f1 (8fd9074bf66c)
[Subsystems] Discovering subsystems at path /Applications/Unity/Hub/Editor/2020.3.2f1/Unity.app/Contents/Resources/UnitySubsystems
[Subsystems] Discovering subsystems at path /Users/adityachawla/Desktop/VirtualMall-TwelveElevenFINALFILE/Assets
GfxDevice: creating device client; threaded=0
2021-04-22 15:14:53.082 Unity[4887:204063] Color LCD preferred device: Intel(R) Iris(TM) Graphics 6000 (low power)
2021-04-22 15:14:53.082 Unity[4887:204063] Metal devices available: 1
2021-04-22 15:14:53.082 Unity[4887:204063] 0: Intel(R) Iris(TM) Graphics 6000 (low power)
2021-04-22 15:14:53.082 Unity[4887:204063] Using device Intel(R) Iris(TM) Graphics 6000 (low power)
Initializing Metal device caps: Intel(R) Iris(TM) Graphics 6000
Initialize mono
Mono path[0] = '/Applications/Unity/Hub/Editor/2020.3.2f1/Unity.app/Contents/Managed'
Mono path[1] = '/Applications/Unity/Hub/Editor/2020.3.2f1/Unity.app/Contents/MonoBleedingEdge/lib/mono/unityjit'
Mono config path = '/Applications/Unity/Hub/Editor/2020.3.2f1/Unity.app/Contents/MonoBleedingEdge/etc'
Using monoOptions --debugger-agent=transport=dt_socket,embedding=1,server=y,suspend=n,address=127.0.0.1:56887
Begin MonoManager ReloadAssembly
Registering precompiled unity dll's ...
Register platform support module: /Applications/Unity/Hub/Editor/2020.3.2f1/PlaybackEngines/WebGLSupport/UnityEditor.WebGL.Extensions.dll
Register platform support module: /Applications/Unity/Hub/Editor/2020.3.2f1/Unity.app/Contents/PlaybackEngines/MacStandaloneSupport/UnityEditor.OSXStandalone.Extensions.dll
Registered in 0.000971 seconds.
Native extension for OSXStandalone target not found
Native extension for WebGL target not found
Refreshing native plugins compatible for Editor in 71.62 ms, found 1 plugins.
Preloading 0 native plugins for Editor in 0.00 ms.
Invoked RoslynAnalysisRunner static constructor.
RoslynAnalysisRunner will not be running.
RoslynAnalysisRunner has terminated.
Mono: successfully reloaded assembly
- Completed reload, in  2.108 seconds
Platform modules already initialized, skipping
Registering precompiled user dll's ...
Registered in 0.003455 seconds.
Begin MonoManager ReloadAssembly
Symbol file LoadedFromMemory is not a mono symbol file
Symbol file LoadedFromMemory is not a mono symbol file
Symbol file LoadedFromMemory is not a mono symbol file
Symbol file LoadedFromMemory is not a mono symbol file
Symbol file LoadedFromMemory is not a mono symbol file
Native extension for OSXStandalone target not found
Native extension for WebGL target not found
Refreshing native plugins compatible for Editor in 0.67 ms, found 1 plugins.
Preloading 0 native plugins for Editor in 0.00 ms.
Invoked RoslynAnalysisRunner static constructor.
RoslynAnalysisRunner will not be running.
RoslynAnalysisRunner has terminated.
Mono: successfully reloaded assembly
- Completed reload, in  1.982 seconds
Platform modules already initialized, skipping
========================================================================
Worker process is ready to serve import requests
Launching external process: /Applications/Unity/Hub/Editor/2020.3.2f1/Unity.app/Contents/Tools/UnityShaderCompiler
Launched and connected shader compiler UnityShaderCompiler after 0.02 seconds
Refreshing native plugins compatible for Editor in 1.08 ms, found 1 plugins.
Preloading 0 native plugins for Editor in 0.00 ms.
Unloading 2339 Unused Serialized files (Serialized files now loaded: 0)
System memory in use before: 201.3 MB.
System memory in use after: 200.4 MB.

Unloading 477 unused Assets to reduce memory usage. Loaded Objects now: 2648.
Total: 5.194116 ms (FindLiveObjects: 0.712702 ms CreateObjectMapping: 0.193129 ms MarkObjects: 2.800749 ms  DeleteObjects: 1.485776 ms)

========================================================================
Received Import Request.
  path: Assets/Clothing System 3D/Resources/Database
  artifactKey: Guid(b3a84fbec5086ad47b828eff3a4da564) Importer(815301076,1909f56bfc062723c751e8b465ee728b)
Start importing Assets/Clothing System 3D/Resources/Database using Guid(b3a84fbec5086ad47b828eff3a4da564) Importer(815301076,1909f56bfc062723c751e8b465ee728b)  -> (artifact id: 'bf1b149c3baa5fbaf89d15f1b7284d9e') in 0.006277 seconds
  Import took 0.012130 seconds .

========================================================================
Received Prepare
Registering precompiled user dll's ...
Registered in 0.005586 seconds.
Begin MonoManager ReloadAssembly
Symbol file LoadedFromMemory is not a mono symbol file
Symbol file LoadedFromMemory is not a mono symbol file
Symbol file LoadedFromMemory is not a mono symbol file
Symbol file LoadedFromMemory is not a mono symbol file
Symbol file LoadedFromMemory is not a mono symbol file
Native extension for OSXStandalone target not found
Native extension for WebGL target not found
Refreshing native plugins compatible for Editor in 1.04 ms, found 1 plugins.
Preloading 0 native plugins for Editor in 0.00 ms.
Warning: Annotation not found!
UnityEngine.StackTraceUtility:ExtractStackTrace () (at /Users/bokken/buildslave/unity/build/Runtime/Export/Scripting/StackTrace.cs:37)
UnityEditor.ProBuilder.EditorUtility:SetGizmoIconEnabled (System.Type,bool) (at Library/PackageCache/com.unity.probuilder@4.5.0/Editor/EditorCore/EditorUtility.cs:593)
UnityEditor.ProBuilder.HierarchyListener:.cctor () (at Library/PackageCache/com.unity.probuilder@4.5.0/Editor/EditorCore/HierarchyListener.cs:21)
System.Runtime.CompilerServices.RuntimeHelpers:RunClassConstructor (System.RuntimeTypeHandle)
UnityEditor.EditorAssemblies:ProcessInitializeOnLoadAttributes (System.Type[]) (at /Users/bokken/buildslave/unity/build/Editor/Mono/EditorAssemblies.cs:114)

[Library/PackageCache/com.unity.probuilder@4.5.0/Editor/EditorCore/EditorUtility.cs line 593]

Invoked RoslynAnalysisRunner static constructor.
RoslynAnalysisRunner will not be running.
RoslynAnalysisRunner has terminated.
Mono: successfully reloaded assembly
- Completed reload, in  3.695 seconds
Platform modules already initialized, skipping
Refreshing native plugins compatible for Editor in 0.72 ms, found 1 plugins.
Preloading 0 native plugins for Editor in 0.00 ms.
Unloading 2244 Unused Serialized files (Serialized files now loaded: 0)
System memory in use before: 195.1 MB.
System memory in use after: 194.1 MB.

Unloading 392 unused Assets to reduce memory usage. Loaded Objects now: 2651.
Total: 24.582120 ms (FindLiveObjects: 3.468153 ms CreateObjectMapping: 1.391049 ms MarkObjects: 13.671629 ms  DeleteObjects: 6.046770 ms)

========================================================================
Received Import Request.
  Time since last request: 50.216339 seconds.
  path: Assets/Clothing System 3D/Resources/Database/Props.xml
  artifactKey: Guid(82b0321775c825d4395a88d21a5e5383) Importer(815301076,1909f56bfc062723c751e8b465ee728b)
Start importing Assets/Clothing System 3D/Resources/Database/Props.xml using Guid(82b0321775c825d4395a88d21a5e5383) Importer(815301076,1909f56bfc062723c751e8b465ee728b)  -> (artifact id: '2a08cdb7af678bd549ece5df26559e52') in 4.389114 seconds
  Import took 4.397593 seconds .

========================================================================
Received Import Request.
  Time since last request: 26.973629 seconds.
  path: Assets/Clothing System 3D/Resources/Database/Props.xml
  artifactKey: Guid(82b0321775c825d4395a88d21a5e5383) Importer(815301076,1909f56bfc062723c751e8b465ee728b)
Start importing Assets/Clothing System 3D/Resources/Database/Props.xml using Guid(82b0321775c825d4395a88d21a5e5383) Importer(815301076,1909f56bfc062723c751e8b465ee728b)  -> (artifact id: 'ec2f5b62d78c2a08970b5bddae98bf08') in 0.012893 seconds
  Import took 0.023391 seconds .

========================================================================
Received Prepare
Registering precompiled user dll's ...
Registered in 0.005673 seconds.
Begin MonoManager ReloadAssembly
Symbol file LoadedFromMemory is not a mono symbol file
Symbol file LoadedFromMemory is not a mono symbol file
Symbol file LoadedFromMemory is not a mono symbol file
Symbol file LoadedFromMemory is not a mono symbol file
Symbol file LoadedFromMemory is not a mono symbol file
Native extension for OSXStandalone target not found
Native extension for WebGL target not found
Refreshing native plugins compatible for Editor in 4.74 ms, found 1 plugins.
Preloading 0 native plugins for Editor in 0.00 ms.
Warning: Annotation not found!
UnityEngine.StackTraceUtility:ExtractStackTrace () (at /Users/bokken/buildslave/unity/build/Runtime/Export/Scripting/StackTrace.cs:37)
UnityEditor.ProBuilder.EditorUtility:SetGizmoIconEnabled (System.Type,bool) (at Library/PackageCache/com.unity.probuilder@4.5.0/Editor/EditorCore/EditorUtility.cs:593)
UnityEditor.ProBuilder.HierarchyListener:.cctor () (at Library/PackageCache/com.unity.probuilder@4.5.0/Editor/EditorCore/HierarchyListener.cs:21)
System.Runtime.CompilerServices.RuntimeHelpers:RunClassConstructor (System.RuntimeTypeHandle)
UnityEditor.EditorAssemblies:ProcessInitializeOnLoadAttributes (System.Type[]) (at /Users/bokken/buildslave/unity/build/Editor/Mono/EditorAssemblies.cs:114)

[Library/PackageCache/com.unity.probuilder@4.5.0/Editor/EditorCore/EditorUtility.cs line 593]

Invoked RoslynAnalysisRunner static constructor.
RoslynAnalysisRunner will not be running.
RoslynAnalysisRunner has terminated.
Mono: successfully reloaded assembly
- Completed reload, in  4.646 seconds
Platform modules already initialized, skipping
Refreshing native plugins compatible for Editor in 5.55 ms, found 1 plugins.
Preloading 0 native plugins for Editor in 0.00 ms.
Unloading 2244 Unused Serialized files (Serialized files now loaded: 0)
System memory in use before: 200.1 MB.
System memory in use after: 199.2 MB.

Unloading 392 unused Assets to reduce memory usage. Loaded Objects now: 2654.
Total: 19.383842 ms (FindLiveObjects: 1.178787 ms CreateObjectMapping: 0.745678 ms MarkObjects: 14.958067 ms  DeleteObjects: 2.497078 ms)

========================================================================
Received Import Request.
  Time since last request: 26.293967 seconds.
  path: Assets/Clothing System 3D/Resources/Database/Cloths.xml
  artifactKey: Guid(d6e72bb8c100fb142af9405c9367c9b2) Importer(815301076,1909f56bfc062723c751e8b465ee728b)
Start importing Assets/Clothing System 3D/Resources/Database/Cloths.xml using Guid(d6e72bb8c100fb142af9405c9367c9b2) Importer(815301076,1909f56bfc062723c751e8b465ee728b)  -> (artifact id: 'd413403dcd3295c18bf6303d1097ac12') in 0.024292 seconds
  Import took 0.030891 seconds .

========================================================================
Received Import Request.
  Time since last request: 0.001233 seconds.
  path: Assets/Clothing System 3D/Resources/Database/Cloths.xml
  artifactKey: Guid(d6e72bb8c100fb142af9405c9367c9b2) Importer(815301076,1909f56bfc062723c751e8b465ee728b)
Start importing Assets/Clothing System 3D/Resources/Database/Cloths.xml using Guid(d6e72bb8c100fb142af9405c9367c9b2) Importer(815301076,1909f56bfc062723c751e8b465ee728b)  -> (artifact id: 'd413403dcd3295c18bf6303d1097ac12') in 0.009668 seconds
  Import took 0.017956 seconds .

========================================================================
Received Import Request.
  Time since last request: 37.545340 seconds.
  path: Assets/Clothing System 3D/Resources/Database/Cloths.xml
  artifactKey: Guid(d6e72bb8c100fb142af9405c9367c9b2) Importer(815301076,1909f56bfc062723c751e8b465ee728b)
Start importing Assets/Clothing System 3D/Resources/Database/Cloths.xml using Guid(d6e72bb8c100fb142af9405c9367c9b2) Importer(815301076,1909f56bfc062723c751e8b465ee728b)  -> (artifact id: '1b8f567d5b4a484c7ddfbdaf786b9543') in 0.011092 seconds
  Import took 0.028136 seconds .

========================================================================
Received Prepare
Registering precompiled user dll's ...
Registered in 0.005516 seconds.
Begin MonoManager ReloadAssembly
Symbol file LoadedFromMemory is not a mono symbol file
Symbol file LoadedFromMemory is not a mono symbol file
Symbol file LoadedFromMemory is not a mono symbol file
Symbol file LoadedFromMemory is not a mono symbol file
Symbol file LoadedFromMemory is not a mono symbol file
Native extension for OSXStandalone target not found
Native extension for WebGL target not found
Refreshing native plugins compatible for Editor in 10.91 ms, found 1 plugins.
Preloading 0 native plugins for Editor in 0.00 ms.
Warning: Annotation not found!
UnityEngine.StackTraceUtility:ExtractStackTrace () (at /Users/bokken/buildslave/unity/build/Runtime/Export/Scripting/StackTrace.cs:37)
UnityEditor.ProBuilder.EditorUtility:SetGizmoIconEnabled (System.Type,bool) (at Library/PackageCache/com.unity.probuilder@4.5.0/Editor/EditorCore/EditorUtility.cs:593)
UnityEditor.ProBuilder.HierarchyListener:.cctor () (at Library/PackageCache/com.unity.probuilder@4.5.0/Editor/EditorCore/HierarchyListener.cs:21)
System.Runtime.CompilerServices.RuntimeHelpers:RunClassConstructor (System.RuntimeTypeHandle)
UnityEditor.EditorAssemblies:ProcessInitializeOnLoadAttributes (System.Type[]) (at /Users/bokken/buildslave/unity/build/Editor/Mono/EditorAssemblies.cs:114)

[Library/PackageCache/com.unity.probuilder@4.5.0/Editor/EditorCore/EditorUtility.cs line 593]

Invoked RoslynAnalysisRunner static constructor.
RoslynAnalysisRunner will not be running.
RoslynAnalysisRunner has terminated.
Mono: successfully reloaded assembly
- Completed reload, in  4.733 seconds
Platform modules already initialized, skipping
Refreshing native plugins compatible for Editor in 4.70 ms, found 1 plugins.
Preloading 0 native plugins for Editor in 0.00 ms.
Unloading 2244 Unused Serialized files (Serialized files now loaded: 0)
System memory in use before: 200.8 MB.
System memory in use after: 199.9 MB.

Unloading 392 unused Assets to reduce memory usage. Loaded Objects now: 2657.
Total: 16.282225 ms (FindLiveObjects: 5.543300 ms CreateObjectMapping: 0.952439 ms MarkObjects: 4.045327 ms  DeleteObjects: 5.733691 ms)

========================================================================
Received Import Request.
  Time since last request: 64.121461 seconds.
  path: Assets/Clothing System 3D/Resources/Database/ClothSlots.xml
  artifactKey: Guid(f7a4dfc282e22c04cbe7cff7168b5320) Importer(815301076,1909f56bfc062723c751e8b465ee728b)
Start importing Assets/Clothing System 3D/Resources/Database/ClothSlots.xml using Guid(f7a4dfc282e22c04cbe7cff7168b5320) Importer(815301076,1909f56bfc062723c751e8b465ee728b)  -> (artifact id: '52d115cdbba467b02b0bee68613844f8') in 0.041951 seconds
  Import took 0.047034 seconds .

========================================================================
Received Import Request.
  Time since last request: 4.258551 seconds.
  path: Assets/Clothing System 3D/Resources/Database/BodyStructure.xml
  artifactKey: Guid(2280c7e87b4e2304b939e50c08fe4958) Importer(815301076,1909f56bfc062723c751e8b465ee728b)
Start importing Assets/Clothing System 3D/Resources/Database/BodyStructure.xml using Guid(2280c7e87b4e2304b939e50c08fe4958) Importer(815301076,1909f56bfc062723c751e8b465ee728b)  -> (artifact id: '35e3fce1a9a06472f0b803eb928bd271') in 0.009226 seconds
  Import took 0.019720 seconds .

========================================================================
Received Import Request.
  Time since last request: 0.003027 seconds.
  path: Assets/Clothing System 3D/Resources/Database/BodyStructure.xml
  artifactKey: Guid(2280c7e87b4e2304b939e50c08fe4958) Importer(815301076,1909f56bfc062723c751e8b465ee728b)
Start importing Assets/Clothing System 3D/Resources/Database/BodyStructure.xml using Guid(2280c7e87b4e2304b939e50c08fe4958) Importer(815301076,1909f56bfc062723c751e8b465ee728b)  -> (artifact id: '35e3fce1a9a06472f0b803eb928bd271') in 0.011196 seconds
  Import took 0.017692 seconds .

========================================================================
Received Import Request.
  Time since last request: 0.593286 seconds.
  path: Assets/Clothing System 3D/Resources/Database/BodySubtypes.xml
  artifactKey: Guid(0607d9b04b74e904aad57d058b87726b) Importer(815301076,1909f56bfc062723c751e8b465ee728b)
Start importing Assets/Clothing System 3D/Resources/Database/BodySubtypes.xml using Guid(0607d9b04b74e904aad57d058b87726b) Importer(815301076,1909f56bfc062723c751e8b465ee728b)  -> (artifact id: '63c1e447a32d824bfce70ad1cf76449e') in 0.007016 seconds
  Import took 0.019310 seconds .

========================================================================
Received Import Request.
  Time since last request: 2.043632 seconds.
  path: Assets/Clothing System 3D/Resources/Database/BodyTypes.xml
  artifactKey: Guid(362f093ee7782674dbd8645310385d4c) Importer(815301076,1909f56bfc062723c751e8b465ee728b)
Start importing Assets/Clothing System 3D/Resources/Database/BodyTypes.xml using Guid(362f093ee7782674dbd8645310385d4c) Importer(815301076,1909f56bfc062723c751e8b465ee728b)  -> (artifact id: '7e2fb615f00f57e7337f8f9372032286') in 0.009742 seconds
  Import took 0.016859 seconds .

========================================================================
Received Import Request.
  Time since last request: 6.350276 seconds.
  path: Assets/Clothing System 3D/Resources/Database/ClothModels.xml
  artifactKey: Guid(d81502aa53b6cee40aa2e8f1e44730d0) Importer(815301076,1909f56bfc062723c751e8b465ee728b)
Start importing Assets/Clothing System 3D/Resources/Database/ClothModels.xml using Guid(d81502aa53b6cee40aa2e8f1e44730d0) Importer(815301076,1909f56bfc062723c751e8b465ee728b)  -> (artifact id: '00000000000000000000000000000000') in 0.004652 seconds
  ERROR: Build asset version error: assets/clothing system 3d/resources/database/clothmodels.xml in SourceAssetDB has modification time of '2021-04-19T10:30:30Z' while content on disk has modification time of '2021-04-22T09:48:22Z'
  Import took 0.009863 seconds .

========================================================================
Received Import Request.
  Time since last request: 0.045157 seconds.
  path: Assets/Clothing System 3D/Resources/Database/ClothModels.xml
  artifactKey: Guid(d81502aa53b6cee40aa2e8f1e44730d0) Importer(815301076,1909f56bfc062723c751e8b465ee728b)
Start importing Assets/Clothing System 3D/Resources/Database/ClothModels.xml using Guid(d81502aa53b6cee40aa2e8f1e44730d0) Importer(815301076,1909f56bfc062723c751e8b465ee728b)  -> (artifact id: '00000000000000000000000000000000') in 0.008195 seconds
  ERROR: Build asset version error: assets/clothing system 3d/resources/database/clothmodels.xml in SourceAssetDB has modification time of '2021-04-19T10:30:30Z' while content on disk has modification time of '2021-04-22T09:48:22Z'
  Import took 0.016880 seconds .

========================================================================
Received Import Request.
  Time since last request: 0.045977 seconds.
  path: Assets/Clothing System 3D/Resources/Database/ClothModels.xml
  artifactKey: Guid(d81502aa53b6cee40aa2e8f1e44730d0) Importer(815301076,1909f56bfc062723c751e8b465ee728b)
Start importing Assets/Clothing System 3D/Resources/Database/ClothModels.xml using Guid(d81502aa53b6cee40aa2e8f1e44730d0) Importer(815301076,1909f56bfc062723c751e8b465ee728b)  -> (artifact id: '00000000000000000000000000000000') in 0.006815 seconds
  ERROR: Build asset version error: assets/clothing system 3d/resources/database/clothmodels.xml in SourceAssetDB has modification time of '2021-04-19T10:30:30Z' while content on disk has modification time of '2021-04-22T09:48:22Z'
  Import took 0.017907 seconds .

========================================================================
Received Import Request.
  Time since last request: 0.040997 seconds.
  path: Assets/Clothing System 3D/Resources/Database/ClothModels.xml
  artifactKey: Guid(d81502aa53b6cee40aa2e8f1e44730d0) Importer(815301076,1909f56bfc062723c751e8b465ee728b)
Start importing Assets/Clothing System 3D/Resources/Database/ClothModels.xml using Guid(d81502aa53b6cee40aa2e8f1e44730d0) Importer(815301076,1909f56bfc062723c751e8b465ee728b)  -> (artifact id: '00000000000000000000000000000000') in 0.007267 seconds
  ERROR: Build asset version error: assets/clothing system 3d/resources/database/clothmodels.xml in SourceAssetDB has modification time of '2021-04-19T10:30:30Z' while content on disk has modification time of '2021-04-22T09:48:22Z'
  Import took 0.017644 seconds .

========================================================================
Received Import Request.
  Time since last request: 0.034785 seconds.
  path: Assets/Clothing System 3D/Resources/Database/ClothModels.xml
  artifactKey: Guid(d81502aa53b6cee40aa2e8f1e44730d0) Importer(815301076,1909f56bfc062723c751e8b465ee728b)
Start importing Assets/Clothing System 3D/Resources/Database/ClothModels.xml using Guid(d81502aa53b6cee40aa2e8f1e44730d0) Importer(815301076,1909f56bfc062723c751e8b465ee728b)  -> (artifact id: '00000000000000000000000000000000') in 0.004659 seconds
  ERROR: Build asset version error: assets/clothing system 3d/resources/database/clothmodels.xml in SourceAssetDB has modification time of '2021-04-19T10:30:30Z' while content on disk has modification time of '2021-04-22T09:48:22Z'
  Import took 0.010620 seconds .

========================================================================
Received Import Request.
  Time since last request: 0.056785 seconds.
  path: Assets/Clothing System 3D/Resources/Database/ClothModels.xml
  artifactKey: Guid(d81502aa53b6cee40aa2e8f1e44730d0) Importer(815301076,1909f56bfc062723c751e8b465ee728b)
Start importing Assets/Clothing System 3D/Resources/Database/ClothModels.xml using Guid(d81502aa53b6cee40aa2e8f1e44730d0) Importer(815301076,1909f56bfc062723c751e8b465ee728b)  -> (artifact id: '00000000000000000000000000000000') in 0.007654 seconds
  ERROR: Build asset version error: assets/clothing system 3d/resources/database/clothmodels.xml in SourceAssetDB has modification time of '2021-04-19T10:30:30Z' while content on disk has modification time of '2021-04-22T09:48:22Z'
  Import took 0.015885 seconds .

========================================================================
Received Import Request.
  Time since last request: 0.056914 seconds.
  path: Assets/Clothing System 3D/Resources/Database/ClothModels.xml
  artifactKey: Guid(d81502aa53b6cee40aa2e8f1e44730d0) Importer(815301076,1909f56bfc062723c751e8b465ee728b)
Start importing Assets/Clothing System 3D/Resources/Database/ClothModels.xml using Guid(d81502aa53b6cee40aa2e8f1e44730d0) Importer(815301076,1909f56bfc062723c751e8b465ee728b)  -> (artifact id: '00000000000000000000000000000000') in 0.004509 seconds
  ERROR: Build asset version error: assets/clothing system 3d/resources/database/clothmodels.xml in SourceAssetDB has modification time of '2021-04-19T10:30:30Z' while content on disk has modification time of '2021-04-22T09:48:22Z'
  Import took 0.016028 seconds .

========================================================================
Received Import Request.
  Time since last request: 0.041164 seconds.
  path: Assets/Clothing System 3D/Resources/Database/ClothModels.xml
  artifactKey: Guid(d81502aa53b6cee40aa2e8f1e44730d0) Importer(815301076,1909f56bfc062723c751e8b465ee728b)
Start importing Assets/Clothing System 3D/Resources/Database/ClothModels.xml using Guid(d81502aa53b6cee40aa2e8f1e44730d0) Importer(815301076,1909f56bfc062723c751e8b465ee728b)  -> (artifact id: '00000000000000000000000000000000') in 0.007547 seconds
  ERROR: Build asset version error: assets/clothing system 3d/resources/database/clothmodels.xml in SourceAssetDB has modification time of '2021-04-19T10:30:30Z' while content on disk has modification time of '2021-04-22T09:48:22Z'
  Import took 0.018561 seconds .

========================================================================
Received Import Request.
  Time since last request: 0.036855 seconds.
  path: Assets/Clothing System 3D/Resources/Database/ClothModels.xml
  artifactKey: Guid(d81502aa53b6cee40aa2e8f1e44730d0) Importer(815301076,1909f56bfc062723c751e8b465ee728b)
Start importing Assets/Clothing System 3D/Resources/Database/ClothModels.xml using Guid(d81502aa53b6cee40aa2e8f1e44730d0) Importer(815301076,1909f56bfc062723c751e8b465ee728b)  -> (artifact id: '00000000000000000000000000000000') in 0.007267 seconds
  ERROR: Build asset version error: assets/clothing system 3d/resources/database/clothmodels.xml in SourceAssetDB has modification time of '2021-04-19T10:30:30Z' while content on disk has modification time of '2021-04-22T09:48:22Z'
  Import took 0.019453 seconds .

========================================================================
Received Import Request.
  Time since last request: 0.039675 seconds.
  path: Assets/Clothing System 3D/Resources/Database/ClothModels.xml
  artifactKey: Guid(d81502aa53b6cee40aa2e8f1e44730d0) Importer(815301076,1909f56bfc062723c751e8b465ee728b)
Start importing Assets/Clothing System 3D/Resources/Database/ClothModels.xml using Guid(d81502aa53b6cee40aa2e8f1e44730d0) Importer(815301076,1909f56bfc062723c751e8b465ee728b)  -> (artifact id: '00000000000000000000000000000000') in 0.006873 seconds
  ERROR: Build asset version error: assets/clothing system 3d/resources/database/clothmodels.xml in SourceAssetDB has modification time of '2021-04-19T10:30:30Z' while content on disk has modification time of '2021-04-22T09:48:22Z'
  Import took 0.017639 seconds .

========================================================================
Received Import Request.
  Time since last request: 0.042661 seconds.
  path: Assets/Clothing System 3D/Resources/Database/ClothModels.xml
  artifactKey: Guid(d81502aa53b6cee40aa2e8f1e44730d0) Importer(815301076,1909f56bfc062723c751e8b465ee728b)
Start importing Assets/Clothing System 3D/Resources/Database/ClothModels.xml using Guid(d81502aa53b6cee40aa2e8f1e44730d0) Importer(815301076,1909f56bfc062723c751e8b465ee728b)  -> (artifact id: '00000000000000000000000000000000') in 0.008976 seconds
  ERROR: Build asset version error: assets/clothing system 3d/resources/database/clothmodels.xml in SourceAssetDB has modification time of '2021-04-19T10:30:30Z' while content on disk has modification time of '2021-04-22T09:48:22Z'
  Import took 0.018301 seconds .

========================================================================
Received Import Request.
  Time since last request: 0.038132 seconds.
  path: Assets/Clothing System 3D/Resources/Database/ClothModels.xml
  artifactKey: Guid(d81502aa53b6cee40aa2e8f1e44730d0) Importer(815301076,1909f56bfc062723c751e8b465ee728b)
Start importing Assets/Clothing System 3D/Resources/Database/ClothModels.xml using Guid(d81502aa53b6cee40aa2e8f1e44730d0) Importer(815301076,1909f56bfc062723c751e8b465ee728b)  -> (artifact id: '00000000000000000000000000000000') in 0.004855 seconds
  ERROR: Build asset version error: assets/clothing system 3d/resources/database/clothmodels.xml in SourceAssetDB has modification time of '2021-04-19T10:30:30Z' while content on disk has modification time of '2021-04-22T09:48:22Z'
  Import took 0.011974 seconds .

========================================================================
Received Import Request.
  Time since last request: 0.056822 seconds.
  path: Assets/Clothing System 3D/Resources/Database/ClothModels.xml
  artifactKey: Guid(d81502aa53b6cee40aa2e8f1e44730d0) Importer(815301076,1909f56bfc062723c751e8b465ee728b)
Start importing Assets/Clothing System 3D/Resources/Database/ClothModels.xml using Guid(d81502aa53b6cee40aa2e8f1e44730d0) Importer(815301076,1909f56bfc062723c751e8b465ee728b)  -> (artifact id: '00000000000000000000000000000000') in 0.005666 seconds
  ERROR: Build asset version error: assets/clothing system 3d/resources/database/clothmodels.xml in SourceAssetDB has modification time of '2021-04-19T10:30:30Z' while content on disk has modification time of '2021-04-22T09:48:22Z'
  Import took 0.019005 seconds .

========================================================================
Received Import Request.
  Time since last request: 0.038725 seconds.
  path: Assets/Clothing System 3D/Resources/Database/ClothModels.xml
  artifactKey: Guid(d81502aa53b6cee40aa2e8f1e44730d0) Importer(815301076,1909f56bfc062723c751e8b465ee728b)
Start importing Assets/Clothing System 3D/Resources/Database/ClothModels.xml using Guid(d81502aa53b6cee40aa2e8f1e44730d0) Importer(815301076,1909f56bfc062723c751e8b465ee728b)  -> (artifact id: '00000000000000000000000000000000') in 0.005818 seconds
  ERROR: Build asset version error: assets/clothing system 3d/resources/database/clothmodels.xml in SourceAssetDB has modification time of '2021-04-19T10:30:30Z' while content on disk has modification time of '2021-04-22T09:48:22Z'
  Import took 0.020056 seconds .

========================================================================
Received Import Request.
  Time since last request: 0.056947 seconds.
  path: Assets/Clothing System 3D/Resources/Database/ClothModels.xml
  artifactKey: Guid(d81502aa53b6cee40aa2e8f1e44730d0) Importer(815301076,1909f56bfc062723c751e8b465ee728b)
Start importing Assets/Clothing System 3D/Resources/Database/ClothModels.xml using Guid(d81502aa53b6cee40aa2e8f1e44730d0) Importer(815301076,1909f56bfc062723c751e8b465ee728b)  -> (artifact id: '00000000000000000000000000000000') in 0.006834 seconds
  ERROR: Build asset version error: assets/clothing system 3d/resources/database/clothmodels.xml in SourceAssetDB has modification time of '2021-04-19T10:30:30Z' while content on disk has modification time of '2021-04-22T09:48:22Z'
  Import took 0.017833 seconds .

========================================================================
Received Import Request.
  Time since last request: 0.037846 seconds.
  path: Assets/Clothing System 3D/Resources/Database/ClothModels.xml
  artifactKey: Guid(d81502aa53b6cee40aa2e8f1e44730d0) Importer(815301076,1909f56bfc062723c751e8b465ee728b)
Start importing Assets/Clothing System 3D/Resources/Database/ClothModels.xml using Guid(d81502aa53b6cee40aa2e8f1e44730d0) Importer(815301076,1909f56bfc062723c751e8b465ee728b)  -> (artifact id: '00000000000000000000000000000000') in 0.005149 seconds
  ERROR: Build asset version error: assets/clothing system 3d/resources/database/clothmodels.xml in SourceAssetDB has modification time of '2021-04-19T10:30:30Z' while content on disk has modification time of '2021-04-22T09:48:22Z'
  Import took 0.019835 seconds .

========================================================================
Received Import Request.
  Time since last request: 0.034987 seconds.
  path: Assets/Clothing System 3D/Resources/Database/ClothModels.xml
  artifactKey: Guid(d81502aa53b6cee40aa2e8f1e44730d0) Importer(815301076,1909f56bfc062723c751e8b465ee728b)
Start importing Assets/Clothing System 3D/Resources/Database/ClothModels.xml using Guid(d81502aa53b6cee40aa2e8f1e44730d0) Importer(815301076,1909f56bfc062723c751e8b465ee728b)  -> (artifact id: '00000000000000000000000000000000') in 0.005137 seconds
  ERROR: Build asset version error: assets/clothing system 3d/resources/database/clothmodels.xml in SourceAssetDB has modification time of '2021-04-19T10:30:30Z' while content on disk has modification time of '2021-04-22T09:48:22Z'
  Import took 0.011305 seconds .

========================================================================
Received Import Request.
  Time since last request: 0.065438 seconds.
  path: Assets/Clothing System 3D/Resources/Database/ClothModels.xml
  artifactKey: Guid(d81502aa53b6cee40aa2e8f1e44730d0) Importer(815301076,1909f56bfc062723c751e8b465ee728b)
Start importing Assets/Clothing System 3D/Resources/Database/ClothModels.xml using Guid(d81502aa53b6cee40aa2e8f1e44730d0) Importer(815301076,1909f56bfc062723c751e8b465ee728b)  -> (artifact id: '00000000000000000000000000000000') in 0.004722 seconds
  ERROR: Build asset version error: assets/clothing system 3d/resources/database/clothmodels.xml in SourceAssetDB has modification time of '2021-04-19T10:30:30Z' while content on disk has modification time of '2021-04-22T09:48:22Z'
  Import took 0.018179 seconds .

========================================================================
Received Import Request.
  Time since last request: 0.036157 seconds.
  path: Assets/Clothing System 3D/Resources/Database/ClothModels.xml
  artifactKey: Guid(d81502aa53b6cee40aa2e8f1e44730d0) Importer(815301076,1909f56bfc062723c751e8b465ee728b)
Start importing Assets/Clothing System 3D/Resources/Database/ClothModels.xml using Guid(d81502aa53b6cee40aa2e8f1e44730d0) Importer(815301076,1909f56bfc062723c751e8b465ee728b)  -> (artifact id: '00000000000000000000000000000000') in 0.009409 seconds
  ERROR: Build asset version error: assets/clothing system 3d/resources/database/clothmodels.xml in SourceAssetDB has modification time of '2021-04-19T10:30:30Z' while content on disk has modification time of '2021-04-22T09:48:22Z'
  Import took 0.019580 seconds .

========================================================================
Received Import Request.
  Time since last request: 0.036779 seconds.
  path: Assets/Clothing System 3D/Resources/Database/ClothModels.xml
  artifactKey: Guid(d81502aa53b6cee40aa2e8f1e44730d0) Importer(815301076,1909f56bfc062723c751e8b465ee728b)
Start importing Assets/Clothing System 3D/Resources/Database/ClothModels.xml using Guid(d81502aa53b6cee40aa2e8f1e44730d0) Importer(815301076,1909f56bfc062723c751e8b465ee728b)  -> (artifact id: '00000000000000000000000000000000') in 0.004748 seconds
  ERROR: Build asset version error: assets/clothing system 3d/resources/database/clothmodels.xml in SourceAssetDB has modification time of '2021-04-19T10:30:30Z' while content on disk has modification time of '2021-04-22T09:48:22Z'
  Import took 0.015454 seconds .

========================================================================
Received Import Request.
  Time since last request: 0.041079 seconds.
  path: Assets/Clothing System 3D/Resources/Database/ClothModels.xml
  artifactKey: Guid(d81502aa53b6cee40aa2e8f1e44730d0) Importer(815301076,1909f56bfc062723c751e8b465ee728b)
Start importing Assets/Clothing System 3D/Resources/Database/ClothModels.xml using Guid(d81502aa53b6cee40aa2e8f1e44730d0) Importer(815301076,1909f56bfc062723c751e8b465ee728b)  -> (artifact id: '00000000000000000000000000000000') in 0.004732 seconds
  ERROR: Build asset version error: assets/clothing system 3d/resources/database/clothmodels.xml in SourceAssetDB has modification time of '2021-04-19T10:30:30Z' while content on disk has modification time of '2021-04-22T09:48:22Z'
  Import took 0.012663 seconds .

========================================================================
Received Import Request.
  Time since last request: 0.053757 seconds.
  path: Assets/Clothing System 3D/Resources/Database/ClothModels.xml
  artifactKey: Guid(d81502aa53b6cee40aa2e8f1e44730d0) Importer(815301076,1909f56bfc062723c751e8b465ee728b)
Start importing Assets/Clothing System 3D/Resources/Database/ClothModels.xml using Guid(d81502aa53b6cee40aa2e8f1e44730d0) Importer(815301076,1909f56bfc062723c751e8b465ee728b)  -> (artifact id: '00000000000000000000000000000000') in 0.006698 seconds
  ERROR: Build asset version error: assets/clothing system 3d/resources/database/clothmodels.xml in SourceAssetDB has modification time of '2021-04-19T10:30:30Z' while content on disk has modification time of '2021-04-22T09:48:22Z'
  Import took 0.018591 seconds .

========================================================================
Received Import Request.
  Time since last request: 47.712677 seconds.
  path: Assets/Clothing System 3D/Resources/Database/BodyTypes.xml
  artifactKey: Guid(362f093ee7782674dbd8645310385d4c) Importer(815301076,1909f56bfc062723c751e8b465ee728b)
Start importing Assets/Clothing System 3D/Resources/Database/BodyTypes.xml using Guid(362f093ee7782674dbd8645310385d4c) Importer(815301076,1909f56bfc062723c751e8b465ee728b)  -> (artifact id: 'a32d542d92a474709b41947d0eb2ccfe') in 0.013457 seconds
  Import took 0.026440 seconds .

========================================================================
Received Prepare
Registering precompiled user dll's ...
Registered in 0.004689 seconds.
Begin MonoManager ReloadAssembly
Symbol file LoadedFromMemory is not a mono symbol file
Symbol file LoadedFromMemory is not a mono symbol file
Symbol file LoadedFromMemory is not a mono symbol file
Symbol file LoadedFromMemory is not a mono symbol file
Symbol file LoadedFromMemory is not a mono symbol file
Native extension for OSXStandalone target not found
Native extension for WebGL target not found
Refreshing native plugins compatible for Editor in 1.10 ms, found 1 plugins.
Preloading 0 native plugins for Editor in 0.00 ms.
Warning: Annotation not found!
UnityEngine.StackTraceUtility:ExtractStackTrace () (at /Users/bokken/buildslave/unity/build/Runtime/Export/Scripting/StackTrace.cs:37)
UnityEditor.ProBuilder.EditorUtility:SetGizmoIconEnabled (System.Type,bool) (at Library/PackageCache/com.unity.probuilder@4.5.0/Editor/EditorCore/EditorUtility.cs:593)
UnityEditor.ProBuilder.HierarchyListener:.cctor () (at Library/PackageCache/com.unity.probuilder@4.5.0/Editor/EditorCore/HierarchyListener.cs:21)
System.Runtime.CompilerServices.RuntimeHelpers:RunClassConstructor (System.RuntimeTypeHandle)
UnityEditor.EditorAssemblies:ProcessInitializeOnLoadAttributes (System.Type[]) (at /Users/bokken/buildslave/unity/build/Editor/Mono/EditorAssemblies.cs:114)

[Library/PackageCache/com.unity.probuilder@4.5.0/Editor/EditorCore/EditorUtility.cs line 593]

Invoked RoslynAnalysisRunner static constructor.
RoslynAnalysisRunner will not be running.
RoslynAnalysisRunner has terminated.
Mono: successfully reloaded assembly
- Completed reload, in  4.587 seconds
Platform modules already initialized, skipping
Refreshing native plugins compatible for Editor in 1.03 ms, found 1 plugins.
Preloading 0 native plugins for Editor in 0.00 ms.
Unloading 2244 Unused Serialized files (Serialized files now loaded: 0)
System memory in use before: 201.4 MB.
System memory in use after: 200.5 MB.

Unloading 392 unused Assets to reduce memory usage. Loaded Objects now: 2660.
Total: 6.346866 ms (FindLiveObjects: 1.495842 ms CreateObjectMapping: 0.309639 ms MarkObjects: 3.090524 ms  DeleteObjects: 1.447887 ms)

========================================================================
Received Prepare
Registering precompiled user dll's ...
Registered in 0.003259 seconds.
Begin MonoManager ReloadAssembly
Symbol file LoadedFromMemory is not a mono symbol file
Symbol file LoadedFromMemory is not a mono symbol file
Symbol file LoadedFromMemory is not a mono symbol file
Symbol file LoadedFromMemory is not a mono symbol file
Symbol file LoadedFromMemory is not a mono symbol file
Native extension for OSXStandalone target not found
Native extension for WebGL target not found
Refreshing native plugins compatible for Editor in 6.55 ms, found 1 plugins.
Preloading 0 native plugins for Editor in 0.00 ms.
Warning: Annotation not found!
UnityEngine.StackTraceUtility:ExtractStackTrace () (at /Users/bokken/buildslave/unity/build/Runtime/Export/Scripting/StackTrace.cs:37)
UnityEditor.ProBuilder.EditorUtility:SetGizmoIconEnabled (System.Type,bool) (at Library/PackageCache/com.unity.probuilder@4.5.0/Editor/EditorCore/EditorUtility.cs:593)
UnityEditor.ProBuilder.HierarchyListener:.cctor () (at Library/PackageCache/com.unity.probuilder@4.5.0/Editor/EditorCore/HierarchyListener.cs:21)
System.Runtime.CompilerServices.RuntimeHelpers:RunClassConstructor (System.RuntimeTypeHandle)
UnityEditor.EditorAssemblies:ProcessInitializeOnLoadAttributes (System.Type[]) (at /Users/bokken/buildslave/unity/build/Editor/Mono/EditorAssemblies.cs:114)

[Library/PackageCache/com.unity.probuilder@4.5.0/Editor/EditorCore/EditorUtility.cs line 593]

Invoked RoslynAnalysisRunner static constructor.
RoslynAnalysisRunner will not be running.
RoslynAnalysisRunner has terminated.
Mono: successfully reloaded assembly
- Completed reload, in  3.825 seconds
Platform modules already initialized, skipping
Refreshing native plugins compatible for Editor in 0.70 ms, found 1 plugins.
Preloading 0 native plugins for Editor in 0.00 ms.
Unloading 2244 Unused Serialized files (Serialized files now loaded: 0)
System memory in use before: 201.9 MB.
System memory in use after: 201.0 MB.

Unloading 392 unused Assets to reduce memory usage. Loaded Objects now: 2663.
Total: 12.497426 ms (FindLiveObjects: 2.161807 ms CreateObjectMapping: 0.861250 ms MarkObjects: 7.522275 ms  DeleteObjects: 1.941878 ms)

