Using pre-set license

 COMMAND LINE ARGUMENTS:
/Applications/Unity/Hub/Editor/2020.3.2f1/Unity.app/Contents/MacOS/Unity
-adb2
-batchMode
-noUpm
-name
AssetImportWorker9
-projectPath
/Users/anshitagoel/Documents/GitHub/Mall
-logFile
Logs/AssetImportWorker9.log
-srvPort
57254
Successfully changed project path to: /Users/anshitagoel/Documents/GitHub/Mall
/Users/anshitagoel/Documents/GitHub/Mall
Using Asset Import Pipeline V2.
Refreshing native plugins compatible for Editor in 390.04 ms, found 1 plugins.
Preloading 0 native plugins for Editor in 0.00 ms.
Initialize engine version: 2020.3.2f1 (8fd9074bf66c)
[Subsystems] Discovering subsystems at path /Applications/Unity/Hub/Editor/2020.3.2f1/Unity.app/Contents/Resources/UnitySubsystems
[Subsystems] Discovering subsystems at path /Users/anshitagoel/Documents/GitHub/Mall/Assets
GfxDevice: creating device client; threaded=0
2021-04-10 23:40:14.938 Unity[44456:2297360] Color LCD preferred device: Intel(R) Iris(TM) Graphics 6000 (low power)
2021-04-10 23:40:14.938 Unity[44456:2297360] Metal devices available: 1
2021-04-10 23:40:14.946 Unity[44456:2297360] 0: Intel(R) Iris(TM) Graphics 6000 (low power)
2021-04-10 23:40:14.947 Unity[44456:2297360] Using device Intel(R) Iris(TM) Graphics 6000 (low power)
Initializing Metal device caps: Intel(R) Iris(TM) Graphics 6000
Initialize mono
Mono path[0] = '/Applications/Unity/Hub/Editor/2020.3.2f1/Unity.app/Contents/Managed'
Mono path[1] = '/Applications/Unity/Hub/Editor/2020.3.2f1/Unity.app/Contents/MonoBleedingEdge/lib/mono/unityjit'
Mono config path = '/Applications/Unity/Hub/Editor/2020.3.2f1/Unity.app/Contents/MonoBleedingEdge/etc'
Using monoOptions --debugger-agent=transport=dt_socket,embedding=1,server=y,suspend=n,address=127.0.0.1:56456
Begin MonoManager ReloadAssembly
Registering precompiled unity dll's ...
Register platform support module: /Applications/Unity/Hub/Editor/2020.3.2f1/Unity.app/Contents/PlaybackEngines/MacStandaloneSupport/UnityEditor.OSXStandalone.Extensions.dll
Registered in 0.010366 seconds.
Native extension for OSXStandalone target not found
Refreshing native plugins compatible for Editor in 232.86 ms, found 1 plugins.
Preloading 0 native plugins for Editor in 0.00 ms.
Invoked RoslynAnalysisRunner static constructor.
RoslynAnalysisRunner will not be running.
RoslynAnalysisRunner has terminated.
Mono: successfully reloaded assembly
- Completed reload, in 18.244 seconds
Platform modules already initialized, skipping
Registering precompiled user dll's ...
Registered in 0.003129 seconds.
Begin MonoManager ReloadAssembly
