Using pre-set license

 COMMAND LINE ARGUMENTS:
/Applications/Unity/Hub/Editor/2020.3.2f1/Unity.app/Contents/MacOS/Unity
-adb2
-batchMode
-noUpm
-name
AssetImportWorker18
-projectPath
/Users/anshitagoel/Documents/GitHub/Mall
-logFile
Logs/AssetImportWorker18.log
-srvPort
57254
Successfully changed project path to: /Users/anshitagoel/Documents/GitHub/Mall
/Users/anshitagoel/Documents/GitHub/Mall
Using Asset Import Pipeline V2.
Refreshing native plugins compatible for Editor in 369.74 ms, found 1 plugins.
Preloading 0 native plugins for Editor in 0.00 ms.
Initialize engine version: 2020.3.2f1 (8fd9074bf66c)
[Subsystems] Discovering subsystems at path /Applications/Unity/Hub/Editor/2020.3.2f1/Unity.app/Contents/Resources/UnitySubsystems
[Subsystems] Discovering subsystems at path /Users/anshitagoel/Documents/GitHub/Mall/Assets
GfxDevice: creating device client; threaded=0
2021-04-10 23:44:44.748 Unity[44504:2299745] Color LCD preferred device: Intel(R) Iris(TM) Graphics 6000 (low power)
2021-04-10 23:44:44.748 Unity[44504:2299745] Metal devices available: 1
2021-04-10 23:44:44.748 Unity[44504:2299745] 0: Intel(R) Iris(TM) Graphics 6000 (low power)
2021-04-10 23:44:44.749 Unity[44504:2299745] Using device Intel(R) Iris(TM) Graphics 6000 (low power)
Initializing Metal device caps: Intel(R) Iris(TM) Graphics 6000
Initialize mono
Mono path[0] = '/Applications/Unity/Hub/Editor/2020.3.2f1/Unity.app/Contents/Managed'
Mono path[1] = '/Applications/Unity/Hub/Editor/2020.3.2f1/Unity.app/Contents/MonoBleedingEdge/lib/mono/unityjit'
Mono config path = '/Applications/Unity/Hub/Editor/2020.3.2f1/Unity.app/Contents/MonoBleedingEdge/etc'
Using monoOptions --debugger-agent=transport=dt_socket,embedding=1,server=y,suspend=n,address=127.0.0.1:56504
Begin MonoManager ReloadAssembly
Registering precompiled unity dll's ...
Register platform support module: /Applications/Unity/Hub/Editor/2020.3.2f1/Unity.app/Contents/PlaybackEngines/MacStandaloneSupport/UnityEditor.OSXStandalone.Extensions.dll
Registered in 0.001234 seconds.
Native extension for OSXStandalone target not found
Refreshing native plugins compatible for Editor in 192.38 ms, found 1 plugins.
Preloading 0 native plugins for Editor in 0.00 ms.
Invoked RoslynAnalysisRunner static constructor.
RoslynAnalysisRunner will not be running.
RoslynAnalysisRunner has terminated.
Mono: successfully reloaded assembly
- Completed reload, in 16.306 seconds
Platform modules already initialized, skipping
Registering precompiled user dll's ...
Registered in 0.001534 seconds.
Begin MonoManager ReloadAssembly
Native extension for OSXStandalone target not found
Refreshing native plugins compatible for Editor in 0.68 ms, found 1 plugins.
Preloading 0 native plugins for Editor in 0.00 ms.
Invoked RoslynAnalysisRunner static constructor.
RoslynAnalysisRunner will not be running.
RoslynAnalysisRunner has terminated.
Mono: successfully reloaded assembly
- Completed reload, in  8.924 seconds
Platform modules already initialized, skipping
========================================================================
Worker process is ready to serve import requests
Launching external process: /Applications/Unity/Hub/Editor/2020.3.2f1/Unity.app/Contents/Tools/UnityShaderCompiler
Launched and connected shader compiler UnityShaderCompiler after 0.05 seconds
Refreshing native plugins compatible for Editor in 0.94 ms, found 1 plugins.
Preloading 0 native plugins for Editor in 0.00 ms.
Unloading 1701 Unused Serialized files (Serialized files now loaded: 0)
System memory in use before: 161.4 MB.
System memory in use after: 160.9 MB.

Unloading 76 unused Assets to reduce memory usage. Loaded Objects now: 2140.
Total: 6.528518 ms (FindLiveObjects: 0.864849 ms CreateObjectMapping: 0.070206 ms MarkObjects: 3.249001 ms  DeleteObjects: 2.341842 ms)

========================================================================
Received Prepare
Refreshing native plugins compatible for Editor in 34.80 ms, found 1 plugins.
Preloading 0 native plugins for Editor in 0.00 ms.
Unloading 7 Unused Serialized files (Serialized files now loaded: 0)
System memory in use before: 122.8 MB.
System memory in use after: 122.4 MB.

Unloading 7 unused Assets to reduce memory usage. Loaded Objects now: 2140.
Total: 12.719768 ms (FindLiveObjects: 0.208444 ms CreateObjectMapping: 0.068576 ms MarkObjects: 11.370036 ms  DeleteObjects: 1.070826 ms)

========================================================================
Received Import Request.
  path: Assets/characters/character.fbx
  artifactKey: Guid(70e715bffc8fa43d6af125ab4909a7df) Importer(815301076,1909f56bfc062723c751e8b465ee728b)
Start importing Assets/characters/character.fbx using Guid(70e715bffc8fa43d6af125ab4909a7df) Importer(815301076,1909f56bfc062723c751e8b465ee728b)  -> (artifact id: '05cd6f0d2218fc4eb18d99e9e56d7b47') in 9.053207 seconds
  Import took 9.066604 seconds .

========================================================================
Received Import Request.
  Time since last request: 5.951011 seconds.
  path: Assets/characters/clothes for sophie
  artifactKey: Guid(dde87ed73dc7445c98a77e3db82feeb6) Importer(815301076,1909f56bfc062723c751e8b465ee728b)
Start importing Assets/characters/clothes for sophie using Guid(dde87ed73dc7445c98a77e3db82feeb6) Importer(815301076,1909f56bfc062723c751e8b465ee728b)  -> (artifact id: '211c99f16f6b7d0ce94dcad90850d017') in 0.009598 seconds
  Import took 0.016126 seconds .

========================================================================
Received Import Request.
  Time since last request: 0.001993 seconds.
  path: Assets/characters/clothes for sophie
  artifactKey: Guid(dde87ed73dc7445c98a77e3db82feeb6) Importer(815301076,1909f56bfc062723c751e8b465ee728b)
Start importing Assets/characters/clothes for sophie using Guid(dde87ed73dc7445c98a77e3db82feeb6) Importer(815301076,1909f56bfc062723c751e8b465ee728b)  -> (artifact id: '211c99f16f6b7d0ce94dcad90850d017') in 0.003411 seconds
  Import took 0.009191 seconds .

========================================================================
Received Import Request.
  Time since last request: 6.961777 seconds.
  path: Assets/characters/clothes for sophie/1f3fc.png
  artifactKey: Guid(9515e2da8dd464f879c41130ce6ed8de) Importer(815301076,1909f56bfc062723c751e8b465ee728b)
Start importing Assets/characters/clothes for sophie/1f3fc.png using Guid(9515e2da8dd464f879c41130ce6ed8de) Importer(815301076,1909f56bfc062723c751e8b465ee728b)  -> (artifact id: 'f1da64ca82ea41f1b9f462c8e7fa5977') in 5.026464 seconds
  Import took 5.046819 seconds .

========================================================================
Received Import Request.
  Time since last request: 25.387654 seconds.
  path: Assets/characters/clothes for sophie/FFCC00.png.png
  artifactKey: Guid(a8c6a625cc61440b2a9c70e22743e461) Importer(815301076,1909f56bfc062723c751e8b465ee728b)
Start importing Assets/characters/clothes for sophie/FFCC00.png.png using Guid(a8c6a625cc61440b2a9c70e22743e461) Importer(815301076,1909f56bfc062723c751e8b465ee728b)  -> (artifact id: 'a6904eb79eacad8c83502cad5b11220c') in 0.034898 seconds
  Import took 0.045797 seconds .

========================================================================
Received Import Request.
  Time since last request: 26.516796 seconds.
  path: Assets/characters/clothes for sophie/000000.png.png
  artifactKey: Guid(09e6e003c334e4980af448edc646e74d) Importer(815301076,1909f56bfc062723c751e8b465ee728b)
Start importing Assets/characters/clothes for sophie/000000.png.png using Guid(09e6e003c334e4980af448edc646e74d) Importer(815301076,1909f56bfc062723c751e8b465ee728b)  -> (artifact id: '3c7cd53c36722c13307c498589c33407') in 0.031250 seconds
  Import took 0.039604 seconds .

========================================================================
Received Import Request.
  Time since last request: 86.082084 seconds.
  path: Assets/characters/clothes for sophie/New Material.mat
  artifactKey: Guid(3164c335550ac4ef58d9f60931782c3b) Importer(815301076,1909f56bfc062723c751e8b465ee728b)
Start importing Assets/characters/clothes for sophie/New Material.mat using Guid(3164c335550ac4ef58d9f60931782c3b) Importer(815301076,1909f56bfc062723c751e8b465ee728b)  -> (artifact id: '4d2da9070d2640a2f0bbd5e44ec0dde8') in 2.221384 seconds
  Import took 2.267288 seconds .

========================================================================
Received Import Request.
  Time since last request: 12.034195 seconds.
  path: Assets/characters/clothes for sophie/New Material 1.mat
  artifactKey: Guid(3bab58dd4211643ef81a82e77cb1a3c6) Importer(815301076,1909f56bfc062723c751e8b465ee728b)
Start importing Assets/characters/clothes for sophie/New Material 1.mat using Guid(3bab58dd4211643ef81a82e77cb1a3c6) Importer(815301076,1909f56bfc062723c751e8b465ee728b)  -> (artifact id: '5edb962383bbcde8afd7c8f3066f8bd5') in 0.063546 seconds
  Import took 0.077898 seconds .

========================================================================
Received Import Request.
  Time since last request: 22.646960 seconds.
  path: Assets/characters/clothes for sophie/New Material 2.mat
  artifactKey: Guid(668d1b05e62644ed2a5a58f4e28941c6) Importer(815301076,1909f56bfc062723c751e8b465ee728b)
Start importing Assets/characters/clothes for sophie/New Material 2.mat using Guid(668d1b05e62644ed2a5a58f4e28941c6) Importer(815301076,1909f56bfc062723c751e8b465ee728b)  -> (artifact id: 'dc4c8de7db601451a733d141f50c1b3b') in 0.032531 seconds
  Import took 0.041329 seconds .

========================================================================
Received Import Request.
  Time since last request: 54.589841 seconds.
  path: Assets/characters/clothes for sophie/FFCC00.png.png
  artifactKey: Guid(a8c6a625cc61440b2a9c70e22743e461) Importer(815301076,1909f56bfc062723c751e8b465ee728b)
Start importing Assets/characters/clothes for sophie/FFCC00.png.png using Guid(a8c6a625cc61440b2a9c70e22743e461) Importer(815301076,1909f56bfc062723c751e8b465ee728b)  -> (artifact id: '32656d01e5c0feb1fcab7d83a78b8954') in 0.044027 seconds
  Import took 0.051896 seconds .

========================================================================
Received Import Request.
  Time since last request: 834.738224 seconds.
  path: Assets/characters/clothes for sophie/images.png
  artifactKey: Guid(ee6efc698ff4d470094f255cef63bffd) Importer(815301076,1909f56bfc062723c751e8b465ee728b)
Start importing Assets/characters/clothes for sophie/images.png using Guid(ee6efc698ff4d470094f255cef63bffd) Importer(815301076,1909f56bfc062723c751e8b465ee728b)  -> (artifact id: '534df2d0a5c0804f4a2793b9ec22ea7c') in 0.114886 seconds
  Import took 0.171816 seconds .

========================================================================
Received Import Request.
  Time since last request: 51.096760 seconds.
  path: Assets/characters/clothes for sophie/Screenshot 2021-04-11 at 12.05.00 AM.png
  artifactKey: Guid(d81f002bde61f478c8e784a5ff0aee69) Importer(815301076,1909f56bfc062723c751e8b465ee728b)
Start importing Assets/characters/clothes for sophie/Screenshot 2021-04-11 at 12.05.00 AM.png using Guid(d81f002bde61f478c8e784a5ff0aee69) Importer(815301076,1909f56bfc062723c751e8b465ee728b)  -> (artifact id: '4158e697697a96ad3a829d91b92283bb') in 0.158545 seconds
  Import took 0.204477 seconds .

========================================================================
Received Import Request.
  Time since last request: 149.162221 seconds.
  path: Assets/characters/clothes for sophie/Screenshot 2021-04-11 at 12.07.32 AM.png
  artifactKey: Guid(e3329b1213bee457899133570f59d55d) Importer(815301076,1909f56bfc062723c751e8b465ee728b)
Start importing Assets/characters/clothes for sophie/Screenshot 2021-04-11 at 12.07.32 AM.png using Guid(e3329b1213bee457899133570f59d55d) Importer(815301076,1909f56bfc062723c751e8b465ee728b)  -> (artifact id: 'd1f2f4bb1284c2ee837c50ed9a985e3a') in 0.029660 seconds
  Import took 0.040344 seconds .

========================================================================
Received Import Request.
  Time since last request: 15.101049 seconds.
  path: Assets/characters/clothes for sophie/Screenshot 2021-04-11 at 12.07.47 AM.png
  artifactKey: Guid(164628860c3dc49168cdf2a3b5ad4703) Importer(815301076,1909f56bfc062723c751e8b465ee728b)
Start importing Assets/characters/clothes for sophie/Screenshot 2021-04-11 at 12.07.47 AM.png using Guid(164628860c3dc49168cdf2a3b5ad4703) Importer(815301076,1909f56bfc062723c751e8b465ee728b)  -> (artifact id: '0a1caaa8244ced826b705d797ec196ff') in 0.028671 seconds
  Import took 0.038542 seconds .

========================================================================
Received Import Request.
  Time since last request: 58.967789 seconds.
  path: Assets/characters/clothes for sophie/medium.png
  artifactKey: Guid(e3329b1213bee457899133570f59d55d) Importer(815301076,1909f56bfc062723c751e8b465ee728b)
Start importing Assets/characters/clothes for sophie/medium.png using Guid(e3329b1213bee457899133570f59d55d) Importer(815301076,1909f56bfc062723c751e8b465ee728b)  -> (artifact id: '0baa9093da0a4e07bf784bba74b0e832') in 0.021312 seconds
  Import took 0.027169 seconds .

========================================================================
Received Import Request.
  Time since last request: 0.005658 seconds.
  path: Assets/characters/clothes for sophie/medium.png
  artifactKey: Guid(e3329b1213bee457899133570f59d55d) Importer(815301076,1909f56bfc062723c751e8b465ee728b)
Start importing Assets/characters/clothes for sophie/medium.png using Guid(e3329b1213bee457899133570f59d55d) Importer(815301076,1909f56bfc062723c751e8b465ee728b)  -> (artifact id: '0baa9093da0a4e07bf784bba74b0e832') in 0.012217 seconds
  Import took 0.018659 seconds .

========================================================================
Received Import Request.
  Time since last request: 9.446465 seconds.
  path: Assets/characters/clothes for sophie/dark.png
  artifactKey: Guid(d81f002bde61f478c8e784a5ff0aee69) Importer(815301076,1909f56bfc062723c751e8b465ee728b)
Start importing Assets/characters/clothes for sophie/dark.png using Guid(d81f002bde61f478c8e784a5ff0aee69) Importer(815301076,1909f56bfc062723c751e8b465ee728b)  -> (artifact id: 'cac2748b679cb1cc3b5f9cc3f093be43') in 0.034658 seconds
  Import took 0.041353 seconds .

========================================================================
Received Import Request.
  Time since last request: 6.559681 seconds.
  path: Assets/characters/clothes for sophie/black.png
  artifactKey: Guid(164628860c3dc49168cdf2a3b5ad4703) Importer(815301076,1909f56bfc062723c751e8b465ee728b)
Start importing Assets/characters/clothes for sophie/black.png using Guid(164628860c3dc49168cdf2a3b5ad4703) Importer(815301076,1909f56bfc062723c751e8b465ee728b)  -> (artifact id: '2b39d0cc0e64193f621a6a2dfa339871') in 0.019014 seconds
  Import took 0.025661 seconds .

========================================================================
Received Import Request.
  Time since last request: 0.007296 seconds.
  path: Assets/characters/clothes for sophie/black.png
  artifactKey: Guid(164628860c3dc49168cdf2a3b5ad4703) Importer(815301076,1909f56bfc062723c751e8b465ee728b)
Start importing Assets/characters/clothes for sophie/black.png using Guid(164628860c3dc49168cdf2a3b5ad4703) Importer(815301076,1909f56bfc062723c751e8b465ee728b)  -> (artifact id: '2b39d0cc0e64193f621a6a2dfa339871') in 0.012040 seconds
  Import took 0.020239 seconds .

========================================================================
Received Import Request.
  Time since last request: 8.854349 seconds.
  path: Assets/characters/clothes for sophie/dark yellow.png
  artifactKey: Guid(a8c6a625cc61440b2a9c70e22743e461) Importer(815301076,1909f56bfc062723c751e8b465ee728b)
Start importing Assets/characters/clothes for sophie/dark yellow.png using Guid(a8c6a625cc61440b2a9c70e22743e461) Importer(815301076,1909f56bfc062723c751e8b465ee728b)  -> (artifact id: '84df25b139ebbeb6647232b421301693') in 0.028680 seconds
  Import took 0.035513 seconds .

========================================================================
Received Import Request.
  Time since last request: 15.948633 seconds.
  path: Assets/characters/clothes for sophie/light yellow.png
  artifactKey: Guid(a8c6a625cc61440b2a9c70e22743e461) Importer(815301076,1909f56bfc062723c751e8b465ee728b)
Start importing Assets/characters/clothes for sophie/light yellow.png using Guid(a8c6a625cc61440b2a9c70e22743e461) Importer(815301076,1909f56bfc062723c751e8b465ee728b)  -> (artifact id: '5455cfa0f5b56789692db8c254084302') in 0.023862 seconds
  Import took 0.032292 seconds .

========================================================================
Received Import Request.
  Time since last request: 0.001362 seconds.
  path: Assets/characters/clothes for sophie/light yellow.png
  artifactKey: Guid(a8c6a625cc61440b2a9c70e22743e461) Importer(815301076,1909f56bfc062723c751e8b465ee728b)
Start importing Assets/characters/clothes for sophie/light yellow.png using Guid(a8c6a625cc61440b2a9c70e22743e461) Importer(815301076,1909f56bfc062723c751e8b465ee728b)  -> (artifact id: '5455cfa0f5b56789692db8c254084302') in 0.011296 seconds
  Import took 0.019050 seconds .

========================================================================
Received Import Request.
  Time since last request: 10.445763 seconds.
  path: Assets/characters/clothes for sophie/dark yellow.png
  artifactKey: Guid(ee6efc698ff4d470094f255cef63bffd) Importer(815301076,1909f56bfc062723c751e8b465ee728b)
Start importing Assets/characters/clothes for sophie/dark yellow.png using Guid(ee6efc698ff4d470094f255cef63bffd) Importer(815301076,1909f56bfc062723c751e8b465ee728b)  -> (artifact id: '601ca38e2b46b4930283897fca288af4') in 0.014459 seconds
  Import took 0.021648 seconds .

========================================================================
Received Import Request.
  Time since last request: 0.010689 seconds.
  path: Assets/characters/clothes for sophie/dark yellow.png
  artifactKey: Guid(ee6efc698ff4d470094f255cef63bffd) Importer(815301076,1909f56bfc062723c751e8b465ee728b)
Start importing Assets/characters/clothes for sophie/dark yellow.png using Guid(ee6efc698ff4d470094f255cef63bffd) Importer(815301076,1909f56bfc062723c751e8b465ee728b)  -> (artifact id: '601ca38e2b46b4930283897fca288af4') in 0.010191 seconds
  Import took 0.016082 seconds .

========================================================================
Received Import Request.
  Time since last request: 83.125692 seconds.
  path: Assets/characters/clothes for sophie/dark skin.mat
  artifactKey: Guid(1bbd9ed56532548058ed46975be5c970) Importer(815301076,1909f56bfc062723c751e8b465ee728b)
Start importing Assets/characters/clothes for sophie/dark skin.mat using Guid(1bbd9ed56532548058ed46975be5c970) Importer(815301076,1909f56bfc062723c751e8b465ee728b)  -> (artifact id: 'c067bdc8a1a7bf5721e99164274840fb') in 0.084610 seconds
  Import took 0.092809 seconds .

========================================================================
Received Import Request.
  Time since last request: 25.539672 seconds.
  path: Assets/characters/clothes for sophie/hair.mat
  artifactKey: Guid(9c38a174b7af74fe78e376107bb1ad38) Importer(815301076,1909f56bfc062723c751e8b465ee728b)
Start importing Assets/characters/clothes for sophie/hair.mat using Guid(9c38a174b7af74fe78e376107bb1ad38) Importer(815301076,1909f56bfc062723c751e8b465ee728b)  -> (artifact id: '6c1876958dc68cc2d23e588b4d2e8d6e') in 0.030859 seconds
  Import took 0.038228 seconds .

========================================================================
Received Import Request.
  Time since last request: 30.347487 seconds.
  path: Assets/characters/clothes for sophie/clothes 1.mat
  artifactKey: Guid(d7264f63cbf724a18984b65ad54c6af1) Importer(815301076,1909f56bfc062723c751e8b465ee728b)
Start importing Assets/characters/clothes for sophie/clothes 1.mat using Guid(d7264f63cbf724a18984b65ad54c6af1) Importer(815301076,1909f56bfc062723c751e8b465ee728b)  -> (artifact id: '6923dff9d7abcf92084a61bf0441cc85') in 0.033026 seconds
  Import took 0.041135 seconds .

========================================================================
Received Import Request.
  Time since last request: 50.976552 seconds.
  path: Assets/characters/clothes for sophie/Screenshot 2021-04-11 at 12.12.48 AM.png
  artifactKey: Guid(813265c67dd334cc88d1bcbfd7bfe6b1) Importer(815301076,1909f56bfc062723c751e8b465ee728b)
Start importing Assets/characters/clothes for sophie/Screenshot 2021-04-11 at 12.12.48 AM.png using Guid(813265c67dd334cc88d1bcbfd7bfe6b1) Importer(815301076,1909f56bfc062723c751e8b465ee728b)  -> (artifact id: '52559e486fead63ecb1380c5e7f8fcc4') in 0.022006 seconds
  Import took 0.029269 seconds .

========================================================================
Received Import Request.
  Time since last request: 17.267439 seconds.
  path: Assets/characters/clothes for sophie/orange.png
  artifactKey: Guid(813265c67dd334cc88d1bcbfd7bfe6b1) Importer(815301076,1909f56bfc062723c751e8b465ee728b)
Start importing Assets/characters/clothes for sophie/orange.png using Guid(813265c67dd334cc88d1bcbfd7bfe6b1) Importer(815301076,1909f56bfc062723c751e8b465ee728b)  -> (artifact id: 'ddb7d6fc56072d6eab9453a82480db70') in 0.015201 seconds
  Import took 0.021321 seconds .

========================================================================
Received Import Request.
  Time since last request: 0.010368 seconds.
  path: Assets/characters/clothes for sophie/orange.png
  artifactKey: Guid(813265c67dd334cc88d1bcbfd7bfe6b1) Importer(815301076,1909f56bfc062723c751e8b465ee728b)
Start importing Assets/characters/clothes for sophie/orange.png using Guid(813265c67dd334cc88d1bcbfd7bfe6b1) Importer(815301076,1909f56bfc062723c751e8b465ee728b)  -> (artifact id: 'ddb7d6fc56072d6eab9453a82480db70') in 0.009157 seconds
  Import took 0.015546 seconds .

========================================================================
Received Import Request.
  Time since last request: 60.163547 seconds.
  path: Assets/characters/clothes for sophie/clothes.mat
  artifactKey: Guid(f78d397f3d7644a5fadb60ffa072acc5) Importer(815301076,1909f56bfc062723c751e8b465ee728b)
Start importing Assets/characters/clothes for sophie/clothes.mat using Guid(f78d397f3d7644a5fadb60ffa072acc5) Importer(815301076,1909f56bfc062723c751e8b465ee728b)  -> (artifact id: 'c5a29abea03ac97095a39aea72aa07b8') in 0.033866 seconds
  Import took 0.041578 seconds .

========================================================================
Received Import Request.
  Time since last request: 27.803998 seconds.
  path: Assets/characters/clothes for sophie/skin tone.mat
  artifactKey: Guid(6ee51044a245341b9bbe727b77b15789) Importer(815301076,1909f56bfc062723c751e8b465ee728b)
Start importing Assets/characters/clothes for sophie/skin tone.mat using Guid(6ee51044a245341b9bbe727b77b15789) Importer(815301076,1909f56bfc062723c751e8b465ee728b)  -> (artifact id: '61ddbd2719a99b8ed3b50b8ae520ce43') in 0.040492 seconds
  Import took 0.048866 seconds .

========================================================================
Received Prepare
Registering precompiled user dll's ...
Registered in 0.005015 seconds.
Begin MonoManager ReloadAssembly
Native extension for OSXStandalone target not found
Refreshing native plugins compatible for Editor in 2.52 ms, found 1 plugins.
Preloading 0 native plugins for Editor in 0.00 ms.
Warning: Annotation not found!
UnityEngine.StackTraceUtility:ExtractStackTrace () (at /Users/bokken/buildslave/unity/build/Runtime/Export/Scripting/StackTrace.cs:37)
UnityEditor.ProBuilder.EditorUtility:SetGizmoIconEnabled (System.Type,bool) (at Library/PackageCache/com.unity.probuilder@4.5.0/Editor/EditorCore/EditorUtility.cs:593)
UnityEditor.ProBuilder.HierarchyListener:.cctor () (at Library/PackageCache/com.unity.probuilder@4.5.0/Editor/EditorCore/HierarchyListener.cs:21)
System.Runtime.CompilerServices.RuntimeHelpers:RunClassConstructor (System.RuntimeTypeHandle)
UnityEditor.EditorAssemblies:ProcessInitializeOnLoadAttributes (System.Type[]) (at /Users/bokken/buildslave/unity/build/Editor/Mono/EditorAssemblies.cs:114)

[Library/PackageCache/com.unity.probuilder@4.5.0/Editor/EditorCore/EditorUtility.cs line 593]

Invoked RoslynAnalysisRunner static constructor.
RoslynAnalysisRunner will not be running.
RoslynAnalysisRunner has terminated.
Mono: successfully reloaded assembly
- Completed reload, in 23.805 seconds
Platform modules already initialized, skipping
Refreshing native plugins compatible for Editor in 1.09 ms, found 1 plugins.
Preloading 0 native plugins for Editor in 0.00 ms.
Unloading 1626 Unused Serialized files (Serialized files now loaded: 0)
System memory in use before: 186.4 MB.
System memory in use after: 185.9 MB.

Unloading 9 unused Assets to reduce memory usage. Loaded Objects now: 2192.
Total: 8.879509 ms (FindLiveObjects: 0.842475 ms CreateObjectMapping: 0.248154 ms MarkObjects: 4.606830 ms  DeleteObjects: 3.178754 ms)

========================================================================
Received Prepare
Registering precompiled user dll's ...
Registered in 0.002951 seconds.
Begin MonoManager ReloadAssembly
Native extension for OSXStandalone target not found
Refreshing native plugins compatible for Editor in 1.61 ms, found 1 plugins.
Preloading 0 native plugins for Editor in 0.00 ms.
Warning: Annotation not found!
UnityEngine.StackTraceUtility:ExtractStackTrace () (at /Users/bokken/buildslave/unity/build/Runtime/Export/Scripting/StackTrace.cs:37)
UnityEditor.ProBuilder.EditorUtility:SetGizmoIconEnabled (System.Type,bool) (at Library/PackageCache/com.unity.probuilder@4.5.0/Editor/EditorCore/EditorUtility.cs:593)
UnityEditor.ProBuilder.HierarchyListener:.cctor () (at Library/PackageCache/com.unity.probuilder@4.5.0/Editor/EditorCore/HierarchyListener.cs:21)
System.Runtime.CompilerServices.RuntimeHelpers:RunClassConstructor (System.RuntimeTypeHandle)
UnityEditor.EditorAssemblies:ProcessInitializeOnLoadAttributes (System.Type[]) (at /Users/bokken/buildslave/unity/build/Editor/Mono/EditorAssemblies.cs:114)

[Library/PackageCache/com.unity.probuilder@4.5.0/Editor/EditorCore/EditorUtility.cs line 593]

Invoked RoslynAnalysisRunner static constructor.
RoslynAnalysisRunner will not be running.
RoslynAnalysisRunner has terminated.
Mono: successfully reloaded assembly
- Completed reload, in  5.839 seconds
Platform modules already initialized, skipping
Refreshing native plugins compatible for Editor in 0.80 ms, found 1 plugins.
Preloading 0 native plugins for Editor in 0.00 ms.
Unloading 1626 Unused Serialized files (Serialized files now loaded: 0)
System memory in use before: 186.9 MB.
System memory in use after: 186.5 MB.

Unloading 9 unused Assets to reduce memory usage. Loaded Objects now: 2195.
Total: 7.543004 ms (FindLiveObjects: 0.495107 ms CreateObjectMapping: 0.159491 ms MarkObjects: 5.071653 ms  DeleteObjects: 1.813822 ms)

========================================================================
Received Prepare
Registering precompiled user dll's ...
Registered in 0.003192 seconds.
Begin MonoManager ReloadAssembly
Native extension for OSXStandalone target not found
Refreshing native plugins compatible for Editor in 0.52 ms, found 1 plugins.
Preloading 0 native plugins for Editor in 0.00 ms.
Warning: Annotation not found!
UnityEngine.StackTraceUtility:ExtractStackTrace () (at /Users/bokken/buildslave/unity/build/Runtime/Export/Scripting/StackTrace.cs:37)
UnityEditor.ProBuilder.EditorUtility:SetGizmoIconEnabled (System.Type,bool) (at Library/PackageCache/com.unity.probuilder@4.5.0/Editor/EditorCore/EditorUtility.cs:593)
UnityEditor.ProBuilder.HierarchyListener:.cctor () (at Library/PackageCache/com.unity.probuilder@4.5.0/Editor/EditorCore/HierarchyListener.cs:21)
System.Runtime.CompilerServices.RuntimeHelpers:RunClassConstructor (System.RuntimeTypeHandle)
UnityEditor.EditorAssemblies:ProcessInitializeOnLoadAttributes (System.Type[]) (at /Users/bokken/buildslave/unity/build/Editor/Mono/EditorAssemblies.cs:114)

[Library/PackageCache/com.unity.probuilder@4.5.0/Editor/EditorCore/EditorUtility.cs line 593]

Invoked RoslynAnalysisRunner static constructor.
RoslynAnalysisRunner will not be running.
RoslynAnalysisRunner has terminated.
Mono: successfully reloaded assembly
- Completed reload, in  5.964 seconds
Platform modules already initialized, skipping
Refreshing native plugins compatible for Editor in 0.86 ms, found 1 plugins.
Preloading 0 native plugins for Editor in 0.00 ms.
Unloading 1626 Unused Serialized files (Serialized files now loaded: 0)
System memory in use before: 187.4 MB.
System memory in use after: 186.9 MB.

Unloading 9 unused Assets to reduce memory usage. Loaded Objects now: 2198.
Total: 6.046899 ms (FindLiveObjects: 0.506091 ms CreateObjectMapping: 0.109664 ms MarkObjects: 3.984239 ms  DeleteObjects: 1.444917 ms)

========================================================================
Received Prepare
Registering precompiled user dll's ...
Registered in 0.003625 seconds.
Begin MonoManager ReloadAssembly
Native extension for OSXStandalone target not found
Refreshing native plugins compatible for Editor in 0.86 ms, found 1 plugins.
Preloading 0 native plugins for Editor in 0.00 ms.
Warning: Annotation not found!
UnityEngine.StackTraceUtility:ExtractStackTrace () (at /Users/bokken/buildslave/unity/build/Runtime/Export/Scripting/StackTrace.cs:37)
UnityEditor.ProBuilder.EditorUtility:SetGizmoIconEnabled (System.Type,bool) (at Library/PackageCache/com.unity.probuilder@4.5.0/Editor/EditorCore/EditorUtility.cs:593)
UnityEditor.ProBuilder.HierarchyListener:.cctor () (at Library/PackageCache/com.unity.probuilder@4.5.0/Editor/EditorCore/HierarchyListener.cs:21)
System.Runtime.CompilerServices.RuntimeHelpers:RunClassConstructor (System.RuntimeTypeHandle)
UnityEditor.EditorAssemblies:ProcessInitializeOnLoadAttributes (System.Type[]) (at /Users/bokken/buildslave/unity/build/Editor/Mono/EditorAssemblies.cs:114)

[Library/PackageCache/com.unity.probuilder@4.5.0/Editor/EditorCore/EditorUtility.cs line 593]

Invoked RoslynAnalysisRunner static constructor.
RoslynAnalysisRunner will not be running.
RoslynAnalysisRunner has terminated.
Mono: successfully reloaded assembly
- Completed reload, in  4.477 seconds
Platform modules already initialized, skipping
Refreshing native plugins compatible for Editor in 0.93 ms, found 1 plugins.
Preloading 0 native plugins for Editor in 0.00 ms.
Unloading 1626 Unused Serialized files (Serialized files now loaded: 0)
System memory in use before: 187.8 MB.
System memory in use after: 187.3 MB.

Unloading 9 unused Assets to reduce memory usage. Loaded Objects now: 2201.
Total: 7.180401 ms (FindLiveObjects: 0.720082 ms CreateObjectMapping: 0.132955 ms MarkObjects: 5.075275 ms  DeleteObjects: 1.246253 ms)

========================================================================
Received Import Request.
  Time since last request: 2180.781762 seconds.
  path: Assets/characters/clothes for sophie/clothes.mat
  artifactKey: Guid(f78d397f3d7644a5fadb60ffa072acc5) Importer(815301076,1909f56bfc062723c751e8b465ee728b)
Start importing Assets/characters/clothes for sophie/clothes.mat using Guid(f78d397f3d7644a5fadb60ffa072acc5) Importer(815301076,1909f56bfc062723c751e8b465ee728b)  -> (artifact id: 'd114085fd8472a85f1eef0b389dafda6') in 0.517004 seconds
  Import took 0.563530 seconds .

========================================================================
Received Import Request.
  Time since last request: 0.000423 seconds.
  path: Assets/characters/clothes for sophie/hair.mat
  artifactKey: Guid(9c38a174b7af74fe78e376107bb1ad38) Importer(815301076,1909f56bfc062723c751e8b465ee728b)
Start importing Assets/characters/clothes for sophie/hair.mat using Guid(9c38a174b7af74fe78e376107bb1ad38) Importer(815301076,1909f56bfc062723c751e8b465ee728b)  -> (artifact id: 'acc2ed6fa26a82eac48a47a0033c7230') in 0.056796 seconds
  Import took 0.066280 seconds .

========================================================================
Received Import Request.
  Time since last request: 0.001922 seconds.
  path: Assets/characters/clothes for sophie/skin tone.mat
  artifactKey: Guid(6ee51044a245341b9bbe727b77b15789) Importer(815301076,1909f56bfc062723c751e8b465ee728b)
Start importing Assets/characters/clothes for sophie/skin tone.mat using Guid(6ee51044a245341b9bbe727b77b15789) Importer(815301076,1909f56bfc062723c751e8b465ee728b)  -> (artifact id: 'e670f6544e2dde28c0c7104861a617eb') in 0.037160 seconds
  Import took 0.044209 seconds .

